JUnit version 4.13.2
.E
Time: 0.511
There was 1 failure:
1) testMergeRightEnd(TestListExamples)
org.junit.runners.model.TestTimedOutException: test timed out after 500 milliseconds
	at app//ListExamples.merge(ListExamples.java:43)
	at app//TestListExamples.testMergeRightEnd(TestListExamples.java:17)
	at java.base@18.0.1.1/java.lang.invoke.LambdaForm$DMH/0x0000000800c12400.invokeVirtual(LambdaForm$DMH)
	at java.base@18.0.1.1/java.lang.invoke.LambdaForm$MH/0x0000000800c13000.invoke(LambdaForm$MH)
	at java.base@18.0.1.1/java.lang.invoke.Invokers$Holder.invokeExact_MT(Invokers$Holder)

FAILURES!!!
Tests run: 1,  Failures: 1

